[2022-12-29T09:55:56.840] [WARN] fileWarning - GET undefined
[2022-12-29T09:55:57.640] [WARN] fileWarning - GET undefined
[2022-12-29T09:55:57.646] [WARN] fileWarning - GET undefined
[2022-12-29T09:55:58.064] [WARN] fileWarning - GET undefined
[2022-12-29T09:55:59.265] [WARN] fileWarning - GET undefined
[2022-12-29T09:55:59.266] [WARN] fileWarning - GET undefined
[2022-12-29T09:55:59.280] [WARN] fileWarning - GET undefined
[2022-12-29T09:55:59.282] [WARN] fileWarning - GET undefined
[2022-12-29T09:55:59.283] [WARN] fileWarning - GET undefined
[2022-12-29T09:55:59.287] [WARN] fileWarning - GET undefined
[2022-12-29T09:55:59.288] [WARN] fileWarning - GET undefined
[2022-12-29T09:55:59.303] [WARN] fileWarning - GET undefined
[2022-12-29T09:55:59.309] [WARN] fileWarning - GET undefined
[2022-12-29T09:55:59.310] [WARN] fileWarning - GET undefined
[2022-12-29T09:55:59.322] [WARN] fileWarning - GET undefined
[2022-12-29T09:55:59.326] [WARN] fileWarning - GET undefined
[2022-12-29T09:55:59.328] [WARN] fileWarning - GET undefined
[2022-12-29T09:55:59.337] [WARN] fileWarning - GET undefined
[2022-12-29T09:55:59.339] [WARN] fileWarning - GET undefined
[2022-12-29T09:55:59.342] [WARN] fileWarning - GET undefined
[2022-12-29T09:55:59.350] [WARN] fileWarning - GET undefined
[2022-12-29T09:55:59.379] [WARN] fileWarning - GET undefined
[2022-12-29T09:55:59.383] [WARN] fileWarning - GET undefined
[2022-12-29T09:55:59.389] [WARN] fileWarning - GET undefined
[2022-12-29T09:55:59.394] [WARN] fileWarning - GET undefined
[2022-12-29T09:55:59.395] [WARN] fileWarning - GET undefined
[2022-12-29T09:55:59.401] [WARN] fileWarning - GET undefined
[2022-12-29T09:55:59.402] [WARN] fileWarning - GET undefined
[2022-12-29T09:55:59.442] [WARN] fileWarning - GET undefined
[2022-12-29T09:55:59.442] [WARN] fileWarning - GET undefined
[2022-12-29T09:55:59.449] [WARN] fileWarning - GET undefined
[2022-12-29T09:55:59.458] [WARN] fileWarning - GET undefined
[2022-12-29T09:55:59.464] [WARN] fileWarning - GET undefined
[2022-12-29T09:55:59.467] [WARN] fileWarning - GET undefined
[2022-12-29T09:55:59.469] [WARN] fileWarning - GET undefined
[2022-12-29T09:55:59.470] [WARN] fileWarning - GET undefined
[2022-12-29T09:55:59.484] [WARN] fileWarning - GET undefined
[2022-12-29T09:55:59.493] [WARN] fileWarning - GET undefined
[2022-12-29T09:55:59.494] [WARN] fileWarning - GET undefined
[2022-12-29T09:55:59.497] [WARN] fileWarning - GET undefined
[2022-12-29T09:55:59.508] [WARN] fileWarning - GET undefined
[2022-12-29T09:55:59.519] [WARN] fileWarning - GET undefined
[2022-12-29T09:55:59.520] [WARN] fileWarning - GET undefined
[2022-12-29T09:55:59.521] [WARN] fileWarning - GET undefined
[2022-12-29T09:55:59.534] [WARN] fileWarning - GET undefined
[2022-12-29T09:55:59.535] [WARN] fileWarning - GET undefined
[2022-12-29T09:55:59.537] [WARN] fileWarning - GET undefined
[2022-12-29T09:55:59.545] [WARN] fileWarning - GET undefined
[2022-12-29T09:55:59.555] [WARN] fileWarning - GET undefined
[2022-12-29T09:55:59.560] [WARN] fileWarning - GET undefined
[2022-12-29T09:55:59.568] [WARN] fileWarning - GET undefined
[2022-12-29T09:55:59.572] [WARN] fileWarning - GET undefined
[2022-12-29T09:55:59.575] [WARN] fileWarning - GET undefined
[2022-12-29T09:55:59.580] [WARN] fileWarning - GET ${jndi:dns://MDEDiscoveryc50f61443fReferer-8080}
[2022-12-29T09:55:59.590] [WARN] fileWarning - GET undefined
[2022-12-29T09:55:59.596] [WARN] fileWarning - GET undefined
[2022-12-29T09:55:59.597] [WARN] fileWarning - GET undefined
[2022-12-29T09:55:59.609] [WARN] fileWarning - GET undefined
[2022-12-29T09:55:59.614] [WARN] fileWarning - GET undefined
[2022-12-29T09:55:59.629] [WARN] fileWarning - GET undefined
[2022-12-29T09:55:59.633] [WARN] fileWarning - GET undefined
[2022-12-29T09:55:59.635] [WARN] fileWarning - GET undefined
[2022-12-29T09:55:59.646] [WARN] fileWarning - GET undefined
[2022-12-29T09:55:59.647] [WARN] fileWarning - GET undefined
[2022-12-29T09:55:59.649] [WARN] fileWarning - GET undefined
[2022-12-29T09:55:59.651] [WARN] fileWarning - GET undefined
[2022-12-29T09:55:59.665] [WARN] fileWarning - GET undefined
[2022-12-29T09:55:59.666] [WARN] fileWarning - GET undefined
[2022-12-29T09:55:59.669] [WARN] fileWarning - GET undefined
[2022-12-29T09:55:59.673] [WARN] fileWarning - GET undefined
[2022-12-29T09:55:59.684] [WARN] fileWarning - GET undefined
[2022-12-29T09:55:59.688] [WARN] fileWarning - GET undefined
[2022-12-29T09:55:59.690] [WARN] fileWarning - GET undefined
[2022-12-29T09:55:59.703] [WARN] fileWarning - GET undefined
[2022-12-29T09:55:59.704] [WARN] fileWarning - GET undefined
[2022-12-29T09:55:59.710] [WARN] fileWarning - GET undefined
[2022-12-29T09:55:59.714] [WARN] fileWarning - GET undefined
[2022-12-29T09:55:59.726] [WARN] fileWarning - GET undefined
[2022-12-29T09:55:59.733] [WARN] fileWarning - GET undefined
[2022-12-29T09:55:59.736] [WARN] fileWarning - GET undefined
[2022-12-29T09:55:59.744] [WARN] fileWarning - GET undefined
[2022-12-29T09:55:59.750] [WARN] fileWarning - GET undefined
[2022-12-29T09:55:59.756] [WARN] fileWarning - GET undefined
[2022-12-29T09:55:59.760] [WARN] fileWarning - GET undefined
[2022-12-29T09:55:59.764] [WARN] fileWarning - GET undefined
[2022-12-29T09:55:59.772] [WARN] fileWarning - GET undefined
[2022-12-29T09:55:59.786] [WARN] fileWarning - GET undefined
[2022-12-29T09:55:59.787] [WARN] fileWarning - GET undefined
[2022-12-29T09:55:59.789] [WARN] fileWarning - GET undefined
[2022-12-29T09:55:59.793] [WARN] fileWarning - GET undefined
[2022-12-29T09:55:59.805] [WARN] fileWarning - GET undefined
[2022-12-29T09:55:59.807] [WARN] fileWarning - GET undefined
[2022-12-29T09:55:59.812] [WARN] fileWarning - GET undefined
[2022-12-29T09:55:59.819] [WARN] fileWarning - GET undefined
[2022-12-29T09:55:59.823] [WARN] fileWarning - GET undefined
[2022-12-29T09:55:59.827] [WARN] fileWarning - GET undefined
[2022-12-29T09:55:59.837] [WARN] fileWarning - GET undefined
[2022-12-29T09:55:59.840] [WARN] fileWarning - GET undefined
[2022-12-29T09:55:59.876] [WARN] fileWarning - GET undefined
[2022-12-29T09:56:00.116] [WARN] fileWarning - GET undefined
[2022-12-29T09:56:00.118] [WARN] fileWarning - GET undefined
[2022-12-29T09:56:00.121] [WARN] fileWarning - GET undefined
[2022-12-29T09:56:00.124] [WARN] fileWarning - GET undefined
[2022-12-29T09:56:00.134] [WARN] fileWarning - GET undefined
[2022-12-29T09:56:00.157] [WARN] fileWarning - GET undefined
[2022-12-29T09:56:00.164] [WARN] fileWarning - GET undefined
[2022-12-29T09:56:00.171] [WARN] fileWarning - GET undefined
[2022-12-29T09:56:00.178] [WARN] fileWarning - GET undefined
[2022-12-29T09:56:00.186] [WARN] fileWarning - GET undefined
[2022-12-29T09:56:00.193] [WARN] fileWarning - GET undefined
[2022-12-29T09:56:00.200] [WARN] fileWarning - GET undefined
[2022-12-29T09:56:00.207] [WARN] fileWarning - GET undefined
[2022-12-29T09:56:00.214] [WARN] fileWarning - GET undefined
[2022-12-29T09:56:00.222] [WARN] fileWarning - GET undefined
[2022-12-29T09:56:00.232] [WARN] fileWarning - GET undefined
[2022-12-29T09:56:00.283] [WARN] fileWarning - GET undefined
[2022-12-29T09:56:00.285] [WARN] fileWarning - GET undefined
[2022-12-29T09:56:00.295] [WARN] fileWarning - GET undefined
[2022-12-29T12:05:49.260] [WARN] fileWarning - GET undefined
[2022-12-29T12:05:50.043] [WARN] fileWarning - GET undefined
[2022-12-29T12:05:50.051] [WARN] fileWarning - GET undefined
[2022-12-29T12:05:50.481] [WARN] fileWarning - GET undefined
[2022-12-29T12:05:51.783] [WARN] fileWarning - GET undefined
[2022-12-29T12:05:51.788] [WARN] fileWarning - GET undefined
[2022-12-29T12:05:51.790] [WARN] fileWarning - GET undefined
[2022-12-29T12:05:51.825] [WARN] fileWarning - GET undefined
[2022-12-29T12:05:51.827] [WARN] fileWarning - GET undefined
[2022-12-29T12:05:51.871] [WARN] fileWarning - GET undefined
[2022-12-29T12:05:51.901] [WARN] fileWarning - GET undefined
[2022-12-29T12:05:51.912] [WARN] fileWarning - GET undefined
[2022-12-29T12:05:51.917] [WARN] fileWarning - GET undefined
[2022-12-29T12:05:51.929] [WARN] fileWarning - GET undefined
[2022-12-29T12:05:51.975] [WARN] fileWarning - GET undefined
[2022-12-29T12:05:51.980] [WARN] fileWarning - GET undefined
[2022-12-29T12:05:52.324] [WARN] fileWarning - GET undefined
[2022-12-29T12:05:52.555] [WARN] fileWarning - GET undefined
[2022-12-29T12:05:52.608] [WARN] fileWarning - GET undefined
[2022-12-29T12:05:52.745] [WARN] fileWarning - GET undefined
[2022-12-29T12:05:52.803] [WARN] fileWarning - GET undefined
[2022-12-29T12:05:53.053] [WARN] fileWarning - GET undefined
[2022-12-29T12:05:53.055] [WARN] fileWarning - GET undefined
[2022-12-29T12:05:53.299] [WARN] fileWarning - GET undefined
[2022-12-29T12:05:53.344] [WARN] fileWarning - GET undefined
[2022-12-29T12:05:53.372] [WARN] fileWarning - GET undefined
[2022-12-29T12:05:53.483] [WARN] fileWarning - GET undefined
[2022-12-29T12:05:53.548] [WARN] fileWarning - GET undefined
[2022-12-29T12:05:53.589] [WARN] fileWarning - GET undefined
[2022-12-29T12:05:53.685] [WARN] fileWarning - GET undefined
[2022-12-29T12:05:53.695] [WARN] fileWarning - GET undefined
[2022-12-29T12:05:53.716] [WARN] fileWarning - GET undefined
[2022-12-29T12:05:53.728] [WARN] fileWarning - GET undefined
[2022-12-29T12:05:53.732] [WARN] fileWarning - GET undefined
[2022-12-29T12:05:53.745] [WARN] fileWarning - GET undefined
[2022-12-29T12:05:53.748] [WARN] fileWarning - GET undefined
[2022-12-29T12:05:53.880] [WARN] fileWarning - GET undefined
[2022-12-29T12:05:54.066] [WARN] fileWarning - GET undefined
[2022-12-29T12:05:54.087] [WARN] fileWarning - GET undefined
[2022-12-29T12:05:54.464] [WARN] fileWarning - GET undefined
[2022-12-29T12:05:54.578] [WARN] fileWarning - GET undefined
[2022-12-29T12:05:54.585] [WARN] fileWarning - GET undefined
[2022-12-29T12:05:54.716] [WARN] fileWarning - GET undefined
[2022-12-29T12:05:54.775] [WARN] fileWarning - GET undefined
[2022-12-29T12:05:54.817] [WARN] fileWarning - GET undefined
[2022-12-29T12:05:54.834] [WARN] fileWarning - GET undefined
[2022-12-29T12:05:54.976] [WARN] fileWarning - GET undefined
[2022-12-29T12:05:54.991] [WARN] fileWarning - GET undefined
[2022-12-29T12:05:55.010] [WARN] fileWarning - GET undefined
[2022-12-29T12:05:55.023] [WARN] fileWarning - GET undefined
[2022-12-29T12:05:55.036] [WARN] fileWarning - GET undefined
[2022-12-29T12:05:55.043] [WARN] fileWarning - GET undefined
[2022-12-29T12:05:55.048] [WARN] fileWarning - GET undefined
[2022-12-29T12:05:55.062] [WARN] fileWarning - GET undefined
[2022-12-29T12:05:55.086] [WARN] fileWarning - GET undefined
[2022-12-29T12:05:55.181] [WARN] fileWarning - GET undefined
[2022-12-29T12:05:55.213] [WARN] fileWarning - GET undefined
[2022-12-29T12:05:55.229] [WARN] fileWarning - GET undefined
[2022-12-29T12:05:55.288] [WARN] fileWarning - GET undefined
[2022-12-29T12:05:55.305] [WARN] fileWarning - GET undefined
[2022-12-29T12:05:55.369] [WARN] fileWarning - GET undefined
[2022-12-29T12:05:55.652] [WARN] fileWarning - GET undefined
[2022-12-29T12:05:55.670] [WARN] fileWarning - GET undefined
[2022-12-29T12:05:55.691] [WARN] fileWarning - GET undefined
[2022-12-29T12:05:55.727] [WARN] fileWarning - GET undefined
[2022-12-29T12:05:55.783] [WARN] fileWarning - GET undefined
[2022-12-29T12:05:55.791] [WARN] fileWarning - GET undefined
[2022-12-29T12:05:55.807] [WARN] fileWarning - GET undefined
[2022-12-29T12:05:55.887] [WARN] fileWarning - GET undefined
[2022-12-29T12:05:55.916] [WARN] fileWarning - GET undefined
[2022-12-29T12:05:55.963] [WARN] fileWarning - GET undefined
[2022-12-29T12:05:55.972] [WARN] fileWarning - GET undefined
[2022-12-29T12:05:55.988] [WARN] fileWarning - GET undefined
[2022-12-29T12:05:56.034] [WARN] fileWarning - GET undefined
[2022-12-29T12:05:56.061] [WARN] fileWarning - GET undefined
[2022-12-29T12:05:56.063] [WARN] fileWarning - GET undefined
[2022-12-29T12:05:56.066] [WARN] fileWarning - GET undefined
[2022-12-29T12:05:56.195] [WARN] fileWarning - GET ${jndi:dns://MDEDiscoveryc50f61443fReferer-8080}
[2022-12-29T12:05:56.219] [WARN] fileWarning - GET undefined
[2022-12-29T12:05:56.257] [WARN] fileWarning - GET undefined
[2022-12-29T12:05:56.327] [WARN] fileWarning - GET undefined
[2022-12-29T12:05:56.354] [WARN] fileWarning - GET undefined
[2022-12-29T12:05:56.486] [WARN] fileWarning - GET undefined
[2022-12-29T12:05:56.565] [WARN] fileWarning - GET undefined
[2022-12-29T12:05:56.575] [WARN] fileWarning - GET undefined
[2022-12-29T12:05:56.585] [WARN] fileWarning - GET undefined
[2022-12-29T12:05:56.615] [WARN] fileWarning - GET undefined
[2022-12-29T12:05:56.622] [WARN] fileWarning - GET undefined
[2022-12-29T12:05:56.646] [WARN] fileWarning - GET undefined
[2022-12-29T12:05:56.671] [WARN] fileWarning - GET undefined
[2022-12-29T12:05:56.674] [WARN] fileWarning - GET undefined
[2022-12-29T12:05:56.676] [WARN] fileWarning - GET undefined
[2022-12-29T12:05:56.683] [WARN] fileWarning - GET undefined
[2022-12-29T12:05:56.685] [WARN] fileWarning - GET undefined
[2022-12-29T12:05:56.955] [WARN] fileWarning - GET undefined
[2022-12-29T12:05:56.962] [WARN] fileWarning - GET undefined
[2022-12-29T12:05:56.963] [WARN] fileWarning - GET undefined
[2022-12-29T12:05:56.973] [WARN] fileWarning - GET undefined
[2022-12-29T12:05:56.975] [WARN] fileWarning - GET undefined
[2022-12-29T12:05:56.978] [WARN] fileWarning - GET undefined
[2022-12-29T12:05:56.992] [WARN] fileWarning - GET undefined
[2022-12-29T12:05:57.054] [WARN] fileWarning - GET undefined
[2022-12-29T12:05:57.061] [WARN] fileWarning - GET undefined
[2022-12-29T12:05:57.064] [WARN] fileWarning - GET undefined
[2022-12-29T12:05:57.068] [WARN] fileWarning - GET undefined
[2022-12-29T12:05:57.098] [WARN] fileWarning - GET undefined
[2022-12-29T12:05:57.103] [WARN] fileWarning - GET undefined
[2022-12-29T12:05:57.106] [WARN] fileWarning - GET undefined
[2022-12-29T12:05:57.115] [WARN] fileWarning - GET undefined
[2022-12-29T12:05:57.212] [WARN] fileWarning - GET undefined
[2022-12-29T12:05:57.218] [WARN] fileWarning - GET undefined
[2022-12-29T12:05:57.226] [WARN] fileWarning - GET undefined
[2022-12-29T12:05:57.228] [WARN] fileWarning - GET undefined
[2022-12-29T12:05:57.233] [WARN] fileWarning - GET undefined
[2022-12-29T12:05:57.239] [WARN] fileWarning - GET undefined
[2022-12-29T12:05:57.244] [WARN] fileWarning - GET undefined
[2022-12-29T12:05:57.248] [WARN] fileWarning - GET undefined
[2022-12-29T12:05:57.256] [WARN] fileWarning - GET undefined
[2022-12-29T21:18:55.069] [WARN] fileWarning - GET http://localhost:8080/
[2022-12-29T21:18:57.091] [WARN] fileWarning - GET http://localhost:8080/user/login
[2022-12-29T21:19:10.792] [WARN] fileWarning - GET http://localhost:8080/productos
[2022-12-29T21:19:44.271] [WARN] fileWarning - GET http://localhost:8080/productos
[2022-12-29T21:19:44.326] [WARN] fileWarning - GET http://localhost:8080/productos
[2022-12-29T21:19:54.409] [WARN] fileWarning - GET http://localhost:8080/
[2022-12-29T21:19:54.938] [WARN] fileWarning - GET http://localhost:8080/
[2022-12-29T21:35:03.845] [WARN] fileWarning - GET http://localhost:8080/
[2022-12-29T21:35:05.982] [WARN] fileWarning - GET http://localhost:8080/user/login
[2022-12-29T21:35:08.228] [WARN] fileWarning - GET http://localhost:8080/productos
[2022-12-29T21:35:12.485] [WARN] fileWarning - GET http://localhost:8080/user/login
[2022-12-29T21:35:15.468] [WARN] fileWarning - GET http://localhost:8080/productos
[2022-12-29T21:35:16.623] [WARN] fileWarning - GET http://localhost:8080/productos
[2022-12-29T21:35:24.772] [WARN] fileWarning - GET http://localhost:8080/
[2022-12-29T21:35:24.937] [WARN] fileWarning - GET http://localhost:8080/
